<?xml version="1.0" encoding="UTF-8"?>
<!-- Generated by org.testng.reporters.JUnitReportReporter -->
<testsuite hostname="NB0013009" name="Pack1.GmailTest" tests="4" failures="0" timestamp="11 Dec 2016 15:28:15 GMT" time="67.926" errors="0">
  <testcase name="gmail" time="19.354" classname="Pack1.GmailTest"/>
  <testcase name="quikr" time="14.441" classname="Pack1.GmailTest"/>
  <testcase name="google" time="13.528" classname="Pack1.GmailTest"/>
  <testcase name="yahoo" time="20.603" classname="Pack1.GmailTest"/>
</testsuite> <!-- Pack1.GmailTest -->
