<?xml version="1.0" encoding="UTF-8"?>
<!-- Generated by org.testng.reporters.JUnitReportReporter -->
<testsuite hostname="NB0013009" name="Pack1.PriorityTests" tests="4" failures="0" timestamp="11 Dec 2016 15:32:11 GMT" time="68.286" errors="0">
  <testcase name="yahoo" time="21.416" classname="Pack1.PriorityTests"/>
  <testcase name="google" time="12.096" classname="Pack1.PriorityTests"/>
  <testcase name="quikr" time="14.214" classname="Pack1.PriorityTests"/>
  <testcase name="gmail" time="20.560" classname="Pack1.PriorityTests"/>
</testsuite> <!-- Pack1.PriorityTests -->
